<?xml version="1.0" encoding="UTF-8"?>
<testng-results ignored="0" total="1" passed="1" failed="0" skipped="0">
  <reporter-output>
  </reporter-output>
  <suite started-at="2026-07-12T17:34:04 IST" name="Surefire suite" finished-at="2026-07-12T17:34:18 IST" duration-ms="14128">
    <groups>
    </groups>
    <test started-at="2026-07-12T17:34:04 IST" name="Surefire test" finished-at="2026-07-12T17:34:18 IST" duration-ms="14128">
      <class name="tests.GoogleSearchTest">
        <test-method is-config="true" signature="setUp()[pri:0, instance:tests.GoogleSearchTest@3fbfa96]" started-at="2026-07-12T17:34:04 IST" name="setUp" finished-at="2026-07-12T17:34:09 IST" duration-ms="4994" status="PASS">
          <reporter-output>
          </reporter-output>
        </test-method> <!-- setUp -->
        <test-method signature="loginTest()[pri:0, instance:tests.GoogleSearchTest@3fbfa96]" started-at="2026-07-12T17:34:09 IST" name="loginTest" finished-at="2026-07-12T17:34:18 IST" duration-ms="8783" status="PASS">
          <reporter-output>
          </reporter-output>
        </test-method> <!-- loginTest -->
        <test-method is-config="true" signature="tearDown()[pri:0, instance:tests.GoogleSearchTest@3fbfa96]" started-at="2026-07-12T17:34:18 IST" name="tearDown" finished-at="2026-07-12T17:34:18 IST" duration-ms="165" status="PASS">
          <reporter-output>
          </reporter-output>
        </test-method> <!-- tearDown -->
      </class> <!-- tests.GoogleSearchTest -->
    </test> <!-- Surefire test -->
  </suite> <!-- Surefire suite -->
</testng-results>
