<?xml version="1.0" encoding="UTF-8"?>
<testng-results ignored="0" total="1" passed="1" failed="0" skipped="0">
  <reporter-output>
  </reporter-output>
  <suite started-at="2026-07-12T13:44:14 IST" name="Surefire suite" finished-at="2026-07-12T13:44:22 IST" duration-ms="8487">
    <groups>
    </groups>
    <test started-at="2026-07-12T13:44:14 IST" name="Surefire test" finished-at="2026-07-12T13:44:22 IST" duration-ms="8487">
      <class name="tests.GoogleSearchTest">
        <test-method is-config="true" signature="setUp()[pri:0, instance:tests.GoogleSearchTest@62e136d3]" started-at="2026-07-12T13:44:14 IST" name="setUp" finished-at="2026-07-12T13:44:18 IST" duration-ms="3950" status="PASS">
          <reporter-output>
          </reporter-output>
        </test-method> <!-- setUp -->
        <test-method signature="loginTest()[pri:0, instance:tests.GoogleSearchTest@62e136d3]" started-at="2026-07-12T13:44:18 IST" name="loginTest" finished-at="2026-07-12T13:44:22 IST" duration-ms="4379" status="PASS">
          <reporter-output>
          </reporter-output>
        </test-method> <!-- loginTest -->
        <test-method is-config="true" signature="tearDown()[pri:0, instance:tests.GoogleSearchTest@62e136d3]" started-at="2026-07-12T13:44:22 IST" name="tearDown" finished-at="2026-07-12T13:44:22 IST" duration-ms="132" status="PASS">
          <reporter-output>
          </reporter-output>
        </test-method> <!-- tearDown -->
      </class> <!-- tests.GoogleSearchTest -->
    </test> <!-- Surefire test -->
  </suite> <!-- Surefire suite -->
</testng-results>
